mode: set
github.com/creativeprojects/copyright-notice/filestatus.go:16.37,17.11 1 0
github.com/creativeprojects/copyright-notice/filestatus.go:33.2,33.11 1 0
github.com/creativeprojects/copyright-notice/filestatus.go:18.29,19.30 1 0
github.com/creativeprojects/copyright-notice/filestatus.go:20.31,21.32 1 0
github.com/creativeprojects/copyright-notice/filestatus.go:22.43,23.40 1 0
github.com/creativeprojects/copyright-notice/filestatus.go:24.24,25.38 1 0
github.com/creativeprojects/copyright-notice/filestatus.go:26.24,27.27 1 0
github.com/creativeprojects/copyright-notice/filestatus.go:28.28,29.28 1 0
github.com/creativeprojects/copyright-notice/filestatus.go:30.23,31.36 1 0
github.com/creativeprojects/copyright-notice/filestatus.go:36.37,37.11 1 0
github.com/creativeprojects/copyright-notice/filestatus.go:55.2,55.12 1 0
github.com/creativeprojects/copyright-notice/filestatus.go:38.29,39.13 1 0
github.com/creativeprojects/copyright-notice/filestatus.go:40.31,41.13 1 0
github.com/creativeprojects/copyright-notice/filestatus.go:42.43,43.13 1 0
github.com/creativeprojects/copyright-notice/filestatus.go:44.24,45.13 1 0
github.com/creativeprojects/copyright-notice/filestatus.go:46.24,47.13 1 0
github.com/creativeprojects/copyright-notice/filestatus.go:48.23,49.13 1 0
github.com/creativeprojects/copyright-notice/filestatus.go:50.28,51.13 1 0
github.com/creativeprojects/copyright-notice/filestatus.go:52.25,53.13 1 0
github.com/creativeprojects/copyright-notice/flags.go:24.13,35.2 10 1
github.com/creativeprojects/copyright-notice/flags.go:37.29,39.49 1 1
github.com/creativeprojects/copyright-notice/flags.go:39.49,40.26 1 1
github.com/creativeprojects/copyright-notice/flags.go:43.3,43.38 1 1
github.com/creativeprojects/copyright-notice/flags.go:40.26,42.4 1 0
github.com/creativeprojects/copyright-notice/notice.go:16.55,25.53 5 0
github.com/creativeprojects/copyright-notice/notice.go:30.2,31.65 2 0
github.com/creativeprojects/copyright-notice/notice.go:25.53,29.3 3 0
github.com/creativeprojects/copyright-notice/notice.go:34.93,38.16 3 0
github.com/creativeprojects/copyright-notice/notice.go:42.2,42.21 1 0
github.com/creativeprojects/copyright-notice/notice.go:46.2,48.19 3 0
github.com/creativeprojects/copyright-notice/notice.go:53.2,54.18 2 0
github.com/creativeprojects/copyright-notice/notice.go:38.16,41.3 2 0
github.com/creativeprojects/copyright-notice/notice.go:42.21,45.3 2 0
github.com/creativeprojects/copyright-notice/notice.go:48.19,51.3 2 0
github.com/creativeprojects/copyright-notice/notice.go:54.18,59.46 2 0
github.com/creativeprojects/copyright-notice/notice.go:64.3,64.25 1 0
github.com/creativeprojects/copyright-notice/notice.go:74.3,75.17 2 0
github.com/creativeprojects/copyright-notice/notice.go:80.3,81.25 2 0
github.com/creativeprojects/copyright-notice/notice.go:94.3,94.57 1 0
github.com/creativeprojects/copyright-notice/notice.go:59.46,63.4 2 0
github.com/creativeprojects/copyright-notice/notice.go:64.25,68.42 2 0
github.com/creativeprojects/copyright-notice/notice.go:71.4,72.10 2 0
github.com/creativeprojects/copyright-notice/notice.go:68.42,70.5 1 0
github.com/creativeprojects/copyright-notice/notice.go:75.17,79.4 2 0
github.com/creativeprojects/copyright-notice/notice.go:81.25,83.21 1 0
github.com/creativeprojects/copyright-notice/notice.go:91.4,92.10 2 0
github.com/creativeprojects/copyright-notice/notice.go:83.21,86.19 3 0
github.com/creativeprojects/copyright-notice/notice.go:86.19,89.6 2 0
github.com/creativeprojects/copyright-notice/notice.go:95.8,97.20 1 0
github.com/creativeprojects/copyright-notice/notice.go:104.3,104.55 1 0
github.com/creativeprojects/copyright-notice/notice.go:97.20,99.18 2 0
github.com/creativeprojects/copyright-notice/notice.go:99.18,102.5 2 0
github.com/creativeprojects/copyright-notice/reader.go:11.57,13.2 1 0
github.com/creativeprojects/copyright-notice/reader.go:22.44,23.19 1 0
github.com/creativeprojects/copyright-notice/reader.go:27.2,27.23 1 0
github.com/creativeprojects/copyright-notice/reader.go:23.19,26.3 1 0
github.com/creativeprojects/copyright-notice/reader.go:31.58,33.19 1 0
github.com/creativeprojects/copyright-notice/reader.go:36.2,37.16 2 0
github.com/creativeprojects/copyright-notice/reader.go:40.2,42.12 3 0
github.com/creativeprojects/copyright-notice/reader.go:33.19,35.3 1 0
github.com/creativeprojects/copyright-notice/reader.go:37.16,39.3 1 0
github.com/creativeprojects/copyright-notice/reader.go:46.58,51.2 1 0
github.com/creativeprojects/copyright-notice/reader.go:54.55,56.27 1 0
github.com/creativeprojects/copyright-notice/reader.go:56.27,58.4 1 0
github.com/creativeprojects/copyright-notice/config.go:19.78,22.16 3 1
github.com/creativeprojects/copyright-notice/config.go:32.2,32.12 1 1
github.com/creativeprojects/copyright-notice/config.go:22.16,25.17 3 1
github.com/creativeprojects/copyright-notice/config.go:28.3,28.24 1 1
github.com/creativeprojects/copyright-notice/config.go:25.17,27.4 1 0
github.com/creativeprojects/copyright-notice/config.go:29.8,31.3 1 1
github.com/creativeprojects/copyright-notice/config.go:58.25,63.2 1 0
github.com/creativeprojects/copyright-notice/config.go:65.51,70.2 4 1
github.com/creativeprojects/copyright-notice/exclusion.go:18.50,21.35 3 1
github.com/creativeprojects/copyright-notice/exclusion.go:33.2,36.3 1 1
github.com/creativeprojects/copyright-notice/exclusion.go:21.35,22.20 1 1
github.com/creativeprojects/copyright-notice/exclusion.go:25.3,25.42 1 1
github.com/creativeprojects/copyright-notice/exclusion.go:22.20,23.12 1 0
github.com/creativeprojects/copyright-notice/exclusion.go:25.42,28.4 1 1
github.com/creativeprojects/copyright-notice/exclusion.go:28.9,31.4 1 1
github.com/creativeprojects/copyright-notice/exclusion.go:39.49,41.2 1 1
github.com/creativeprojects/copyright-notice/exclusion.go:43.57,45.38 2 1
github.com/creativeprojects/copyright-notice/exclusion.go:50.2,50.14 1 1
github.com/creativeprojects/copyright-notice/exclusion.go:45.38,46.26 1 1
github.com/creativeprojects/copyright-notice/exclusion.go:46.26,48.4 1 0
github.com/creativeprojects/copyright-notice/exclusion.go:53.53,54.34 1 1
github.com/creativeprojects/copyright-notice/exclusion.go:63.2,63.14 1 1
github.com/creativeprojects/copyright-notice/exclusion.go:54.34,56.17 2 1
github.com/creativeprojects/copyright-notice/exclusion.go:59.3,59.12 1 1
github.com/creativeprojects/copyright-notice/exclusion.go:56.17,58.4 1 0
github.com/creativeprojects/copyright-notice/exclusion.go:59.12,61.4 1 1
github.com/creativeprojects/copyright-notice/exclusion.go:69.47,71.16 2 0
github.com/creativeprojects/copyright-notice/exclusion.go:74.2,78.21 4 0
github.com/creativeprojects/copyright-notice/exclusion.go:81.2,81.29 1 0
github.com/creativeprojects/copyright-notice/exclusion.go:71.16,73.3 1 0
github.com/creativeprojects/copyright-notice/exclusion.go:78.21,80.3 1 0
github.com/creativeprojects/copyright-notice/logger.go:8.20,12.2 3 0
github.com/creativeprojects/copyright-notice/main.go:37.13,40.45 3 1
github.com/creativeprojects/copyright-notice/main.go:43.2,61.58 4 1
github.com/creativeprojects/copyright-notice/main.go:40.45,42.3 1 1
github.com/creativeprojects/copyright-notice/main.go:64.13,68.16 3 0
github.com/creativeprojects/copyright-notice/main.go:73.2,77.32 3 0
github.com/creativeprojects/copyright-notice/main.go:81.2,86.33 4 0
github.com/creativeprojects/copyright-notice/main.go:93.2,97.26 3 0
github.com/creativeprojects/copyright-notice/main.go:103.2,105.16 3 0
github.com/creativeprojects/copyright-notice/main.go:111.2,115.19 3 0
github.com/creativeprojects/copyright-notice/main.go:68.16,72.3 3 0
github.com/creativeprojects/copyright-notice/main.go:77.32,80.3 2 0
github.com/creativeprojects/copyright-notice/main.go:86.33,88.17 2 0
github.com/creativeprojects/copyright-notice/main.go:88.17,90.4 1 0
github.com/creativeprojects/copyright-notice/main.go:97.26,100.3 2 0
github.com/creativeprojects/copyright-notice/main.go:105.16,108.3 2 0
github.com/creativeprojects/copyright-notice/main.go:115.19,117.3 1 0
github.com/creativeprojects/copyright-notice/main.go:117.8,119.3 1 0
github.com/creativeprojects/copyright-notice/main.go:122.48,124.16 2 0
github.com/creativeprojects/copyright-notice/main.go:128.2,130.16 3 0
github.com/creativeprojects/copyright-notice/main.go:134.2,134.31 1 0
github.com/creativeprojects/copyright-notice/main.go:138.2,145.16 4 0
github.com/creativeprojects/copyright-notice/main.go:149.2,149.56 1 0
github.com/creativeprojects/copyright-notice/main.go:161.2,163.33 3 0
github.com/creativeprojects/copyright-notice/main.go:167.2,167.39 1 0
github.com/creativeprojects/copyright-notice/main.go:171.2,171.20 1 0
github.com/creativeprojects/copyright-notice/main.go:124.16,127.3 2 0
github.com/creativeprojects/copyright-notice/main.go:130.16,133.3 2 0
github.com/creativeprojects/copyright-notice/main.go:134.31,137.3 2 0
github.com/creativeprojects/copyright-notice/main.go:145.16,148.3 2 0
github.com/creativeprojects/copyright-notice/main.go:149.56,151.17 2 0
github.com/creativeprojects/copyright-notice/main.go:151.17,154.4 2 0
github.com/creativeprojects/copyright-notice/main.go:155.8,158.3 1 0
github.com/creativeprojects/copyright-notice/main.go:163.33,166.3 2 0
github.com/creativeprojects/copyright-notice/main.go:167.39,170.3 2 0
github.com/creativeprojects/copyright-notice/main.go:174.80,181.16 6 0
github.com/creativeprojects/copyright-notice/main.go:185.2,186.16 2 0
github.com/creativeprojects/copyright-notice/main.go:191.2,191.12 1 0
github.com/creativeprojects/copyright-notice/main.go:181.16,183.3 1 0
github.com/creativeprojects/copyright-notice/main.go:186.16,190.3 2 0
github.com/creativeprojects/copyright-notice/main.go:194.78,196.16 2 0
github.com/creativeprojects/copyright-notice/main.go:199.2,203.16 3 0
github.com/creativeprojects/copyright-notice/main.go:208.2,209.16 2 0
github.com/creativeprojects/copyright-notice/main.go:212.2,212.12 1 0
github.com/creativeprojects/copyright-notice/main.go:196.16,198.3 1 0
github.com/creativeprojects/copyright-notice/main.go:203.16,205.3 1 0
github.com/creativeprojects/copyright-notice/main.go:209.16,211.3 1 0
github.com/creativeprojects/copyright-notice/main.go:215.62,220.2 1 0
github.com/creativeprojects/copyright-notice/main.go:222.31,231.4 1 0
github.com/creativeprojects/copyright-notice/main.go:231.4,233.3 1 0
github.com/creativeprojects/copyright-notice/main.go:236.63,237.36 1 0
github.com/creativeprojects/copyright-notice/main.go:240.2,240.48 1 0
github.com/creativeprojects/copyright-notice/main.go:237.36,239.3 1 0
github.com/creativeprojects/copyright-notice/main.go:240.48,243.24 3 0
github.com/creativeprojects/copyright-notice/main.go:246.3,246.38 1 0
github.com/creativeprojects/copyright-notice/main.go:243.24,245.4 1 0
github.com/creativeprojects/copyright-notice/main.go:250.30,259.4 1 0
github.com/creativeprojects/copyright-notice/main.go:259.4,261.3 1 0
github.com/creativeprojects/copyright-notice/main.go:264.54,265.36 1 0
github.com/creativeprojects/copyright-notice/main.go:268.2,268.77 1 0
github.com/creativeprojects/copyright-notice/main.go:265.36,267.3 1 0
github.com/creativeprojects/copyright-notice/main.go:271.50,272.15 1 0
github.com/creativeprojects/copyright-notice/main.go:275.2,275.13 1 0
github.com/creativeprojects/copyright-notice/main.go:272.15,274.3 1 0
github.com/creativeprojects/copyright-notice/parse.go:13.68,14.49 1 0
github.com/creativeprojects/copyright-notice/parse.go:17.2,23.37 4 0
github.com/creativeprojects/copyright-notice/parse.go:36.2,37.17 2 0
github.com/creativeprojects/copyright-notice/parse.go:14.49,16.3 1 0
github.com/creativeprojects/copyright-notice/parse.go:23.37,24.19 1 0
github.com/creativeprojects/copyright-notice/parse.go:27.3,28.19 1 0
github.com/creativeprojects/copyright-notice/parse.go:24.19,25.12 1 0
github.com/creativeprojects/copyright-notice/parse.go:28.19,31.5 2 0
github.com/creativeprojects/copyright-notice/parse.go:32.11,34.5 1 0
github.com/creativeprojects/copyright-notice/parse.go:40.98,43.16 3 1
github.com/creativeprojects/copyright-notice/parse.go:46.2,46.37 1 1
github.com/creativeprojects/copyright-notice/parse.go:49.2,50.29 2 1
github.com/creativeprojects/copyright-notice/parse.go:43.16,45.3 1 0
github.com/creativeprojects/copyright-notice/parse.go:46.37,48.3 1 0
github.com/creativeprojects/copyright-notice/parse.go:50.29,52.48 1 1
github.com/creativeprojects/copyright-notice/parse.go:56.3,57.33 2 1
github.com/creativeprojects/copyright-notice/parse.go:61.3,62.19 2 1
github.com/creativeprojects/copyright-notice/parse.go:52.48,53.12 1 0
github.com/creativeprojects/copyright-notice/parse.go:57.33,59.12 2 1
github.com/creativeprojects/copyright-notice/parse.go:62.19,64.4 1 1
github.com/creativeprojects/copyright-notice/parse.go:64.9,64.70 1 1
github.com/creativeprojects/copyright-notice/parse.go:64.70,69.59 2 1
github.com/creativeprojects/copyright-notice/parse.go:69.59,71.5 1 1
github.com/creativeprojects/copyright-notice/parse.go:76.43,77.39 1 1
github.com/creativeprojects/copyright-notice/parse.go:82.2,82.14 1 1
github.com/creativeprojects/copyright-notice/parse.go:77.39,78.39 1 1
github.com/creativeprojects/copyright-notice/parse.go:78.39,80.4 1 1
github.com/creativeprojects/copyright-notice/copyright.go:12.75,14.2 1 0
github.com/creativeprojects/copyright-notice/copyright.go:16.70,18.16 2 0
github.com/creativeprojects/copyright-notice/copyright.go:21.2,23.16 3 0
github.com/creativeprojects/copyright-notice/copyright.go:26.2,26.28 1 0
github.com/creativeprojects/copyright-notice/copyright.go:18.16,20.3 1 0
github.com/creativeprojects/copyright-notice/copyright.go:23.16,25.3 1 0
github.com/creativeprojects/copyright-notice/experiments.go:22.13,24.27 1 1
github.com/creativeprojects/copyright-notice/experiments.go:32.2,33.27 1 1
github.com/creativeprojects/copyright-notice/experiments.go:24.27,30.4 1 0
github.com/creativeprojects/copyright-notice/experiments.go:33.27,35.4 1 0
github.com/creativeprojects/copyright-notice/experiments.go:44.62,46.2 1 0
github.com/creativeprojects/copyright-notice/experiments.go:47.42,49.2 1 0
github.com/creativeprojects/copyright-notice/experiments.go:50.77,53.2 2 0
github.com/creativeprojects/copyright-notice/experiments.go:54.48,58.2 2 0
github.com/creativeprojects/copyright-notice/experiments.go:60.80,65.2 1 0
github.com/creativeprojects/copyright-notice/experiments.go:67.60,69.16 2 0
github.com/creativeprojects/copyright-notice/experiments.go:74.2,76.16 3 0
github.com/creativeprojects/copyright-notice/experiments.go:80.2,80.56 1 0
github.com/creativeprojects/copyright-notice/experiments.go:88.2,88.47 1 0
github.com/creativeprojects/copyright-notice/experiments.go:69.16,72.3 2 0
github.com/creativeprojects/copyright-notice/experiments.go:76.16,79.3 2 0
github.com/creativeprojects/copyright-notice/experiments.go:80.56,83.17 2 0
github.com/creativeprojects/copyright-notice/experiments.go:83.17,86.4 2 0
github.com/creativeprojects/copyright-notice/experiments.go:91.68,93.16 2 0
github.com/creativeprojects/copyright-notice/experiments.go:98.2,101.16 4 0
github.com/creativeprojects/copyright-notice/experiments.go:105.2,105.56 1 0
github.com/creativeprojects/copyright-notice/experiments.go:113.2,113.24 1 0
github.com/creativeprojects/copyright-notice/experiments.go:93.16,96.3 2 0
github.com/creativeprojects/copyright-notice/experiments.go:101.16,104.3 2 0
github.com/creativeprojects/copyright-notice/experiments.go:105.56,108.17 2 0
github.com/creativeprojects/copyright-notice/experiments.go:108.17,111.4 2 0
github.com/creativeprojects/copyright-notice/experiments.go:116.70,118.19 2 0
github.com/creativeprojects/copyright-notice/experiments.go:122.2,123.16 2 0
github.com/creativeprojects/copyright-notice/experiments.go:127.2,129.16 3 0
github.com/creativeprojects/copyright-notice/experiments.go:133.2,133.31 1 0
github.com/creativeprojects/copyright-notice/experiments.go:137.2,161.33 3 0
github.com/creativeprojects/copyright-notice/experiments.go:165.2,165.44 1 0
github.com/creativeprojects/copyright-notice/experiments.go:169.2,169.12 1 0
github.com/creativeprojects/copyright-notice/experiments.go:118.19,119.42 1 0
github.com/creativeprojects/copyright-notice/experiments.go:123.16,126.3 2 0
github.com/creativeprojects/copyright-notice/experiments.go:129.16,132.3 2 0
github.com/creativeprojects/copyright-notice/experiments.go:133.31,136.3 2 0
github.com/creativeprojects/copyright-notice/experiments.go:161.33,164.3 2 0
github.com/creativeprojects/copyright-notice/experiments.go:165.44,168.3 2 0
github.com/creativeprojects/copyright-notice/file.go:31.36,35.2 1 1
github.com/creativeprojects/copyright-notice/file.go:37.30,43.2 5 1
github.com/creativeprojects/copyright-notice/file.go:45.52,46.13 1 1
github.com/creativeprojects/copyright-notice/file.go:50.2,50.16 1 1
github.com/creativeprojects/copyright-notice/file.go:54.2,54.25 1 1
github.com/creativeprojects/copyright-notice/file.go:58.2,61.15 3 1
github.com/creativeprojects/copyright-notice/file.go:66.2,66.29 1 1
github.com/creativeprojects/copyright-notice/file.go:69.2,70.16 2 1
github.com/creativeprojects/copyright-notice/file.go:73.2,79.33 4 1
github.com/creativeprojects/copyright-notice/file.go:82.2,82.37 1 1
github.com/creativeprojects/copyright-notice/file.go:86.2,87.12 2 1
github.com/creativeprojects/copyright-notice/file.go:46.13,49.3 1 0
github.com/creativeprojects/copyright-notice/file.go:50.16,52.3 1 1
github.com/creativeprojects/copyright-notice/file.go:54.25,56.3 1 0
github.com/creativeprojects/copyright-notice/file.go:61.15,65.3 2 0
github.com/creativeprojects/copyright-notice/file.go:66.29,68.3 1 1
github.com/creativeprojects/copyright-notice/file.go:70.16,72.3 1 1
github.com/creativeprojects/copyright-notice/file.go:79.33,81.3 1 0
github.com/creativeprojects/copyright-notice/file.go:82.37,84.3 1 1
github.com/creativeprojects/copyright-notice/file.go:90.31,92.2 1 1
github.com/creativeprojects/copyright-notice/file.go:94.34,95.24 1 1
github.com/creativeprojects/copyright-notice/file.go:98.2,100.29 1 1
github.com/creativeprojects/copyright-notice/file.go:95.24,97.3 1 0
github.com/creativeprojects/copyright-notice/file.go:104.31,105.20 1 1
github.com/creativeprojects/copyright-notice/file.go:108.2,108.18 1 1
github.com/creativeprojects/copyright-notice/file.go:105.20,107.3 1 1
github.com/creativeprojects/copyright-notice/file.go:113.65,120.16 6 0
github.com/creativeprojects/copyright-notice/file.go:124.2,125.16 2 0
github.com/creativeprojects/copyright-notice/file.go:130.2,130.12 1 0
github.com/creativeprojects/copyright-notice/file.go:120.16,122.3 1 0
github.com/creativeprojects/copyright-notice/file.go:125.16,129.3 2 0
github.com/creativeprojects/copyright-notice/file.go:133.81,135.16 2 0
github.com/creativeprojects/copyright-notice/file.go:138.2,140.55 2 0
github.com/creativeprojects/copyright-notice/file.go:135.16,137.3 1 0
github.com/creativeprojects/copyright-notice/file.go:143.85,147.35 2 0
github.com/creativeprojects/copyright-notice/file.go:155.2,156.16 2 0
github.com/creativeprojects/copyright-notice/file.go:161.2,162.16 2 0
github.com/creativeprojects/copyright-notice/file.go:165.2,165.12 1 0
github.com/creativeprojects/copyright-notice/file.go:147.35,149.17 2 0
github.com/creativeprojects/copyright-notice/file.go:149.17,151.4 1 0
github.com/creativeprojects/copyright-notice/file.go:156.16,158.3 1 0
github.com/creativeprojects/copyright-notice/file.go:162.16,164.3 1 0
